226360 38999 386
571773 170719 470
384607 2227 443
169653 564830 470
738043 145146 509
345048 456040 449
499343 78958 449
868516 674005 525
860850 817922 525
45148 560296 470
810996 9703 509
986460 175472 525
150555 977456 525
150250 499000 449
935006 7317 525
456802 68367 449
353555 641744 509
282752 39291 443
743646 279210 509
73500 429589 449
82512 512973 470
230406 200566 386
974948 489750 525
19173 8332 279
742241 677211 504
460596 145381 449
205562 915687 525
756426 432674 509
896598 684531 525
273292 70082 443
897705 898454 339
624590 612653 447
669291 164665 509
793682 864927 525
89148 562583 470
678167 408519 509
71411 497507 449
687469 456997 509
357642 953487 525
744150 231456 509
792434 635062 504
294323 537993 470
760809 990227 525
625577 628529 509
471091 149826 449
653887 456962 509
418158 922006 525
859808 447906 525
533110 410959 470
383148 53826 443
296784 756298 509
601016 377622 470
463457 226584 449
333014 316373 384
376943 570419 470
419050 45607 449
876736 68946 525
995716 455247 525
233219 179987 443
4371 356385 443
674998 612972 509
391488 380954 436
858087 628190 525
951161 471266 525
989862 219247 525
936511 68288 525
323708 399467 441
825613 226718 509
734183 672640 504
676311 869589 525
91112 5853 351
849067 314080 525
110761 752285 509
720319 388563 509
88525 792558 509
436317 787161 509
216839 48227 386
245574 86089 443
497443 383228 449
747516 282586 509
398463 252800 441
720424 366609 509
817270 770396 468
596111 584430 403
632973 730208 504
871538 557566 525
435726 714868 509
295452 843040 525
168127 863475 525
703910 845200 525
384405 639069 509
387632 287159 441
347576 791504 509
652426 518574 509
712736 307547 509
642212 790556 504
976653 471110 525
762264 600921 509
857567 62210 525
94510 276293 443
221951 92319 386
731826 79441 509
639421 740053 504
82357 665751 509
652126 945261 525
620049 693190 509
520051 572035 452
793611 290183 509
505826 828709 509
867593 377911 525
425607 785842 509
499785 110172 449
448881 479133 444
704526 716497 504
856593 700027 525
279131 348721 441
600613 418827 470
187348 245796 443
91364 696262 509
615206 579210 447
465876 441628 444
852440 257424 525
103371 230116 386
860880 424983 525
365621 21172 443
96837 898909 525
741036 111235 509
539853 17843 470
639182 479787 509
336056 740324 509
116766 684849 509
832511 422864 509
8054 232551 443
526542 479102 470
769240 629226 504
980973 859656 507
76528 617137 470
728658 313996 509
20779 918610 525
297811 35611 443
316384 856822 525
915819 338272 525
737833 879028 525
781631 982658 525
192142 40775 383
839314 574894 525
128186 540287 470
930048 379657 525
994109 267381 525
425126 375789 449
